This file contains any messages produced by compilers while
running configure, to aid debugging if configure makes a mistake.

It was created by NetTrader configure 0.5 , which was
generated by GNU Autoconf 2.67.  Invocation command line was

  $ ./configure 

## --------- ##
## Platform. ##
## --------- ##

hostname = bg-neishabouri
uname -m = x86_64
uname -r = 2.6.35-22-generic
uname -s = Linux
uname -v = #35-Ubuntu SMP Sat Oct 16 20:45:36 UTC 2010

/usr/bin/uname -p = unknown
/bin/uname -X     = unknown

/bin/arch              = unknown
/usr/bin/arch -k       = unknown
/usr/convex/getsysinfo = unknown
/usr/bin/hostinfo      = unknown
/bin/machine           = unknown
/usr/bin/oslevel       = unknown
/bin/universe          = unknown

PATH: /usr/local/sbin
PATH: /usr/local/bin
PATH: /usr/sbin
PATH: /usr/bin
PATH: /sbin
PATH: /bin
PATH: /usr/games


## ----------- ##
## Core tests. ##
## ----------- ##

configure:2285: checking for a BSD-compatible install
configure:2353: result: /usr/bin/install -c
configure:2364: checking whether build environment is sane
configure:2414: result: yes
configure:2555: checking for a thread-safe mkdir -p
configure:2594: result: /bin/mkdir -p
configure:2607: checking for gawk
configure:2637: result: no
configure:2607: checking for mawk
configure:2623: found /usr/bin/mawk
configure:2634: result: mawk
configure:2645: checking whether make sets $(MAKE)
configure:2667: result: yes
configure:2810: checking for g++
configure:2826: found /usr/bin/g++
configure:2837: result: g++
configure:2864: checking for C++ compiler version
configure:2873: g++ --version >&5
g++ (Ubuntu/Linaro 4.4.4-14ubuntu5) 4.4.5
Copyright (C) 2010 Free Software Foundation, Inc.
This is free software; see the source for copying conditions.  There is NO
warranty; not even for MERCHANTABILITY or FITNESS FOR A PARTICULAR PURPOSE.

configure:2884: $? = 0
configure:2873: g++ -v >&5
Using built-in specs.
Target: x86_64-linux-gnu
Configured with: ../src/configure -v --with-pkgversion='Ubuntu/Linaro 4.4.4-14ubuntu5' --with-bugurl=file:///usr/share/doc/gcc-4.4/README.Bugs --enable-languages=c,c++,fortran,objc,obj-c++ --prefix=/usr --program-suffix=-4.4 --enable-shared --enable-multiarch --enable-linker-build-id --with-system-zlib --libexecdir=/usr/lib --without-included-gettext --enable-threads=posix --with-gxx-include-dir=/usr/include/c++/4.4 --libdir=/usr/lib --enable-nls --with-sysroot=/ --enable-clocale=gnu --enable-libstdcxx-debug --enable-objc-gc --disable-werror --with-arch-32=i686 --with-tune=generic --enable-checking=release --build=x86_64-linux-gnu --host=x86_64-linux-gnu --target=x86_64-linux-gnu
Thread model: posix
gcc version 4.4.5 (Ubuntu/Linaro 4.4.4-14ubuntu5) 
configure:2884: $? = 0
configure:2873: g++ -V >&5
g++: '-V' option must have argument
configure:2884: $? = 1
configure:2873: g++ -qversion >&5
g++: unrecognized option '-qversion'
g++: no input files
configure:2884: $? = 1
configure:2904: checking whether the C++ compiler works
configure:2926: g++    conftest.cpp  >&5
configure:2930: $? = 0
configure:2978: result: yes
configure:2981: checking for C++ compiler default output file name
configure:2983: result: a.out
configure:2989: checking for suffix of executables
configure:2996: g++ -o conftest    conftest.cpp  >&5
configure:3000: $? = 0
configure:3022: result: 
configure:3044: checking whether we are cross compiling
configure:3052: g++ -o conftest    conftest.cpp  >&5
configure:3056: $? = 0
configure:3063: ./conftest
configure:3067: $? = 0
configure:3082: result: no
configure:3087: checking for suffix of object files
configure:3109: g++ -c   conftest.cpp >&5
configure:3113: $? = 0
configure:3134: result: o
configure:3138: checking whether we are using the GNU C++ compiler
configure:3157: g++ -c   conftest.cpp >&5
configure:3157: $? = 0
configure:3166: result: yes
configure:3175: checking whether g++ accepts -g
configure:3195: g++ -c -g  conftest.cpp >&5
configure:3195: $? = 0
configure:3236: result: yes
configure:3270: checking for style of include used by make
configure:3298: result: GNU
configure:3323: checking dependency style of g++
configure:3433: result: gcc3
configure:3452: checking for bison
configure:3482: result: no
configure:3452: checking for byacc
configure:3482: result: no
configure:3539: checking for gcc
configure:3555: found /usr/bin/gcc
configure:3566: result: gcc
configure:3795: checking for C compiler version
configure:3804: gcc --version >&5
gcc (Ubuntu/Linaro 4.4.4-14ubuntu5) 4.4.5
Copyright (C) 2010 Free Software Foundation, Inc.
This is free software; see the source for copying conditions.  There is NO
warranty; not even for MERCHANTABILITY or FITNESS FOR A PARTICULAR PURPOSE.

configure:3815: $? = 0
configure:3804: gcc -v >&5
Using built-in specs.
Target: x86_64-linux-gnu
Configured with: ../src/configure -v --with-pkgversion='Ubuntu/Linaro 4.4.4-14ubuntu5' --with-bugurl=file:///usr/share/doc/gcc-4.4/README.Bugs --enable-languages=c,c++,fortran,objc,obj-c++ --prefix=/usr --program-suffix=-4.4 --enable-shared --enable-multiarch --enable-linker-build-id --with-system-zlib --libexecdir=/usr/lib --without-included-gettext --enable-threads=posix --with-gxx-include-dir=/usr/include/c++/4.4 --libdir=/usr/lib --enable-nls --with-sysroot=/ --enable-clocale=gnu --enable-libstdcxx-debug --enable-objc-gc --disable-werror --with-arch-32=i686 --with-tune=generic --enable-checking=release --build=x86_64-linux-gnu --host=x86_64-linux-gnu --target=x86_64-linux-gnu
Thread model: posix
gcc version 4.4.5 (Ubuntu/Linaro 4.4.4-14ubuntu5) 
configure:3815: $? = 0
configure:3804: gcc -V >&5
gcc: '-V' option must have argument
configure:3815: $? = 1
configure:3804: gcc -qversion >&5
gcc: unrecognized option '-qversion'
gcc: no input files
configure:3815: $? = 1
configure:3819: checking whether we are using the GNU C compiler
configure:3838: gcc -c   conftest.c >&5
configure:3838: $? = 0
configure:3847: result: yes
configure:3856: checking whether gcc accepts -g
configure:3876: gcc -c -g  conftest.c >&5
configure:3876: $? = 0
configure:3917: result: yes
configure:3934: checking for gcc option to accept ISO C89
configure:3998: gcc  -c -g -O2  conftest.c >&5
configure:3998: $? = 0
configure:4011: result: none needed
configure:4033: checking dependency style of gcc
configure:4143: result: gcc3
configure:4163: checking how to run the C preprocessor
configure:4194: gcc -E  conftest.c
configure:4194: $? = 0
configure:4208: gcc -E  conftest.c
conftest.c:11: fatal error: ac_nonexistent.h: No such file or directory
compilation terminated.
configure:4208: $? = 1
configure: failed program was:
| /* confdefs.h */
| #define PACKAGE_NAME "NetTrader"
| #define PACKAGE_TARNAME "nettrader"
| #define PACKAGE_VERSION "0.5 "
| #define PACKAGE_STRING "NetTrader 0.5 "
| #define PACKAGE_BUGREPORT "a.faisal@gmx.net"
| #define PACKAGE_URL ""
| #define PACKAGE "nettrader"
| #define VERSION "0.5 "
| /* end confdefs.h.  */
| #include <ac_nonexistent.h>
configure:4233: result: gcc -E
configure:4253: gcc -E  conftest.c
configure:4253: $? = 0
configure:4267: gcc -E  conftest.c
conftest.c:11: fatal error: ac_nonexistent.h: No such file or directory
compilation terminated.
configure:4267: $? = 1
configure: failed program was:
| /* confdefs.h */
| #define PACKAGE_NAME "NetTrader"
| #define PACKAGE_TARNAME "nettrader"
| #define PACKAGE_VERSION "0.5 "
| #define PACKAGE_STRING "NetTrader 0.5 "
| #define PACKAGE_BUGREPORT "a.faisal@gmx.net"
| #define PACKAGE_URL ""
| #define PACKAGE "nettrader"
| #define VERSION "0.5 "
| /* end confdefs.h.  */
| #include <ac_nonexistent.h>
configure:4300: checking for flex
configure:4330: result: no
configure:4300: checking for lex
configure:4330: result: no
configure:4454: checking whether ln -s works
configure:4458: result: yes
configure:4465: checking whether make sets $(MAKE)
configure:4487: result: yes
configure:4539: checking for ranlib
configure:4555: found /usr/bin/ranlib
configure:4566: result: ranlib
configure:4603: checking for X
configure:4711: gcc -E  conftest.c
configure:4711: $? = 0
configure:4742: gcc -o conftest -g -O2   conftest.c -lX11  >&5
configure:4742: $? = 0
configure:4792: result: libraries , headers 
configure:4796: checking for grep that handles long lines and -e
configure:4854: result: /bin/grep
configure:4859: checking for egrep
configure:4921: result: /bin/grep -E
configure:4926: checking for ANSI C header files
configure:4946: gcc -c -g -O2  conftest.c >&5
configure:4946: $? = 0
configure:5019: gcc -o conftest -g -O2   conftest.c  >&5
configure:5019: $? = 0
configure:5019: ./conftest
configure:5019: $? = 0
configure:5030: result: yes
configure:5043: checking for sys/types.h
configure:5043: gcc -c -g -O2  conftest.c >&5
configure:5043: $? = 0
configure:5043: result: yes
configure:5043: checking for sys/stat.h
configure:5043: gcc -c -g -O2  conftest.c >&5
configure:5043: $? = 0
configure:5043: result: yes
configure:5043: checking for stdlib.h
configure:5043: gcc -c -g -O2  conftest.c >&5
configure:5043: $? = 0
configure:5043: result: yes
configure:5043: checking for string.h
configure:5043: gcc -c -g -O2  conftest.c >&5
configure:5043: $? = 0
configure:5043: result: yes
configure:5043: checking for memory.h
configure:5043: gcc -c -g -O2  conftest.c >&5
configure:5043: $? = 0
configure:5043: result: yes
configure:5043: checking for strings.h
configure:5043: gcc -c -g -O2  conftest.c >&5
configure:5043: $? = 0
configure:5043: result: yes
configure:5043: checking for inttypes.h
configure:5043: gcc -c -g -O2  conftest.c >&5
configure:5043: $? = 0
configure:5043: result: yes
configure:5043: checking for stdint.h
configure:5043: gcc -c -g -O2  conftest.c >&5
configure:5043: $? = 0
configure:5043: result: yes
configure:5043: checking for unistd.h
configure:5043: gcc -c -g -O2  conftest.c >&5
configure:5043: $? = 0
configure:5043: result: yes
configure:5057: checking for working alloca.h
configure:5074: gcc -o conftest -g -O2   conftest.c  >&5
configure:5074: $? = 0
configure:5082: result: yes
configure:5090: checking for alloca
configure:5127: gcc -o conftest -g -O2   conftest.c  >&5
configure:5127: $? = 0
configure:5135: result: yes
configure:5247: checking for dirent.h that defines DIR
configure:5266: gcc -c -g -O2  conftest.c >&5
configure:5266: $? = 0
configure:5274: result: yes
configure:5287: checking for library containing opendir
configure:5318: gcc -o conftest -g -O2   conftest.c  >&5
configure:5318: $? = 0
configure:5335: result: none required
configure:5402: checking for ANSI C header files
configure:5506: result: yes
configure:5517: checking OS.h usability
configure:5517: gcc -c -g -O2  conftest.c >&5
conftest.c:58: fatal error: OS.h: No such file or directory
compilation terminated.
configure:5517: $? = 1
configure: failed program was:
| /* confdefs.h */
| #define PACKAGE_NAME "NetTrader"
| #define PACKAGE_TARNAME "nettrader"
| #define PACKAGE_VERSION "0.5 "
| #define PACKAGE_STRING "NetTrader 0.5 "
| #define PACKAGE_BUGREPORT "a.faisal@gmx.net"
| #define PACKAGE_URL ""
| #define PACKAGE "nettrader"
| #define VERSION "0.5 "
| #define STDC_HEADERS 1
| #define HAVE_SYS_TYPES_H 1
| #define HAVE_SYS_STAT_H 1
| #define HAVE_STDLIB_H 1
| #define HAVE_STRING_H 1
| #define HAVE_MEMORY_H 1
| #define HAVE_STRINGS_H 1
| #define HAVE_INTTYPES_H 1
| #define HAVE_STDINT_H 1
| #define HAVE_UNISTD_H 1
| #define HAVE_ALLOCA_H 1
| #define HAVE_ALLOCA 1
| #define HAVE_DIRENT_H 1
| #define STDC_HEADERS 1
| /* end confdefs.h.  */
| #include <stdio.h>
| #ifdef HAVE_SYS_TYPES_H
| # include <sys/types.h>
| #endif
| #ifdef HAVE_SYS_STAT_H
| # include <sys/stat.h>
| #endif
| #ifdef STDC_HEADERS
| # include <stdlib.h>
| # include <stddef.h>
| #else
| # ifdef HAVE_STDLIB_H
| #  include <stdlib.h>
| # endif
| #endif
| #ifdef HAVE_STRING_H
| # if !defined STDC_HEADERS && defined HAVE_MEMORY_H
| #  include <memory.h>
| # endif
| # include <string.h>
| #endif
| #ifdef HAVE_STRINGS_H
| # include <strings.h>
| #endif
| #ifdef HAVE_INTTYPES_H
| # include <inttypes.h>
| #endif
| #ifdef HAVE_STDINT_H
| # include <stdint.h>
| #endif
| #ifdef HAVE_UNISTD_H
| # include <unistd.h>
| #endif
| #include <OS.h>
configure:5517: result: no
configure:5517: checking OS.h presence
configure:5517: gcc -E  conftest.c
conftest.c:25: fatal error: OS.h: No such file or directory
compilation terminated.
configure:5517: $? = 1
configure: failed program was:
| /* confdefs.h */
| #define PACKAGE_NAME "NetTrader"
| #define PACKAGE_TARNAME "nettrader"
| #define PACKAGE_VERSION "0.5 "
| #define PACKAGE_STRING "NetTrader 0.5 "
| #define PACKAGE_BUGREPORT "a.faisal@gmx.net"
| #define PACKAGE_URL ""
| #define PACKAGE "nettrader"
| #define VERSION "0.5 "
| #define STDC_HEADERS 1
| #define HAVE_SYS_TYPES_H 1
| #define HAVE_SYS_STAT_H 1
| #define HAVE_STDLIB_H 1
| #define HAVE_STRING_H 1
| #define HAVE_MEMORY_H 1
| #define HAVE_STRINGS_H 1
| #define HAVE_INTTYPES_H 1
| #define HAVE_STDINT_H 1
| #define HAVE_UNISTD_H 1
| #define HAVE_ALLOCA_H 1
| #define HAVE_ALLOCA 1
| #define HAVE_DIRENT_H 1
| #define STDC_HEADERS 1
| /* end confdefs.h.  */
| #include <OS.h>
configure:5517: result: no
configure:5517: checking for OS.h
configure:5517: result: no
configure:5517: checking fcntl.h usability
configure:5517: gcc -c -g -O2  conftest.c >&5
configure:5517: $? = 0
configure:5517: result: yes
configure:5517: checking fcntl.h presence
configure:5517: gcc -E  conftest.c
configure:5517: $? = 0
configure:5517: result: yes
configure:5517: checking for fcntl.h
configure:5517: result: yes
configure:5517: checking fenv.h usability
configure:5517: gcc -c -g -O2  conftest.c >&5
configure:5517: $? = 0
configure:5517: result: yes
configure:5517: checking fenv.h presence
configure:5517: gcc -E  conftest.c
configure:5517: $? = 0
configure:5517: result: yes
configure:5517: checking for fenv.h
configure:5517: result: yes
configure:5517: checking float.h usability
configure:5517: gcc -c -g -O2  conftest.c >&5
configure:5517: $? = 0
configure:5517: result: yes
configure:5517: checking float.h presence
configure:5517: gcc -E  conftest.c
configure:5517: $? = 0
configure:5517: result: yes
configure:5517: checking for float.h
configure:5517: result: yes
configure:5517: checking for inttypes.h
configure:5517: result: yes
configure:5517: checking limits.h usability
configure:5517: gcc -c -g -O2  conftest.c >&5
configure:5517: $? = 0
configure:5517: result: yes
configure:5517: checking limits.h presence
configure:5517: gcc -E  conftest.c
configure:5517: $? = 0
configure:5517: result: yes
configure:5517: checking for limits.h
configure:5517: result: yes
configure:5517: checking malloc.h usability
configure:5517: gcc -c -g -O2  conftest.c >&5
configure:5517: $? = 0
configure:5517: result: yes
configure:5517: checking malloc.h presence
configure:5517: gcc -E  conftest.c
configure:5517: $? = 0
configure:5517: result: yes
configure:5517: checking for malloc.h
configure:5517: result: yes
configure:5517: checking for memory.h
configure:5517: result: yes
configure:5517: checking nl_types.h usability
configure:5517: gcc -c -g -O2  conftest.c >&5
configure:5517: $? = 0
configure:5517: result: yes
configure:5517: checking nl_types.h presence
configure:5517: gcc -E  conftest.c
configure:5517: $? = 0
configure:5517: result: yes
configure:5517: checking for nl_types.h
configure:5517: result: yes
configure:5517: checking stddef.h usability
configure:5517: gcc -c -g -O2  conftest.c >&5
configure:5517: $? = 0
configure:5517: result: yes
configure:5517: checking stddef.h presence
configure:5517: gcc -E  conftest.c
configure:5517: $? = 0
configure:5517: result: yes
configure:5517: checking for stddef.h
configure:5517: result: yes
configure:5517: checking for stdint.h
configure:5517: result: yes
configure:5517: checking for stdlib.h
configure:5517: result: yes
configure:5517: checking for string.h
configure:5517: result: yes
configure:5517: checking sys/file.h usability
configure:5517: gcc -c -g -O2  conftest.c >&5
configure:5517: $? = 0
configure:5517: result: yes
configure:5517: checking sys/file.h presence
configure:5517: gcc -E  conftest.c
configure:5517: $? = 0
configure:5517: result: yes
configure:5517: checking for sys/file.h
configure:5517: result: yes
configure:5517: checking sys/param.h usability
configure:5517: gcc -c -g -O2  conftest.c >&5
configure:5517: $? = 0
configure:5517: result: yes
configure:5517: checking sys/param.h presence
configure:5517: gcc -E  conftest.c
configure:5517: $? = 0
configure:5517: result: yes
configure:5517: checking for sys/param.h
configure:5517: result: yes
configure:5517: checking sys/time.h usability
configure:5517: gcc -c -g -O2  conftest.c >&5
configure:5517: $? = 0
configure:5517: result: yes
configure:5517: checking sys/time.h presence
configure:5517: gcc -E  conftest.c
configure:5517: $? = 0
configure:5517: result: yes
configure:5517: checking for sys/time.h
configure:5517: result: yes
configure:5517: checking for unistd.h
configure:5517: result: yes
configure:5517: checking values.h usability
configure:5517: gcc -c -g -O2  conftest.c >&5
configure:5517: $? = 0
configure:5517: result: yes
configure:5517: checking values.h presence
configure:5517: gcc -E  conftest.c
configure:5517: $? = 0
configure:5517: result: yes
configure:5517: checking for values.h
configure:5517: result: yes
configure:5517: checking wchar.h usability
configure:5517: gcc -c -g -O2  conftest.c >&5
configure:5517: $? = 0
configure:5517: result: yes
configure:5517: checking wchar.h presence
configure:5517: gcc -E  conftest.c
configure:5517: $? = 0
configure:5517: result: yes
configure:5517: checking for wchar.h
configure:5517: result: yes
configure:5517: checking wctype.h usability
configure:5517: gcc -c -g -O2  conftest.c >&5
configure:5517: $? = 0
configure:5517: result: yes
configure:5517: checking wctype.h presence
configure:5517: gcc -E  conftest.c
configure:5517: $? = 0
configure:5517: result: yes
configure:5517: checking for wctype.h
configure:5517: result: yes
configure:5529: checking for stdbool.h that conforms to C99
configure:5614: gcc -c -g -O2  conftest.c >&5
configure:5614: $? = 0
configure:5621: result: yes
configure:5623: checking for _Bool
configure:5623: gcc -c -g -O2  conftest.c >&5
configure:5623: $? = 0
configure:5623: gcc -c -g -O2  conftest.c >&5
conftest.c: In function 'main':
conftest.c:80: error: expected expression before ')' token
configure:5623: $? = 1
configure: failed program was:
| /* confdefs.h */
| #define PACKAGE_NAME "NetTrader"
| #define PACKAGE_TARNAME "nettrader"
| #define PACKAGE_VERSION "0.5 "
| #define PACKAGE_STRING "NetTrader 0.5 "
| #define PACKAGE_BUGREPORT "a.faisal@gmx.net"
| #define PACKAGE_URL ""
| #define PACKAGE "nettrader"
| #define VERSION "0.5 "
| #define STDC_HEADERS 1
| #define HAVE_SYS_TYPES_H 1
| #define HAVE_SYS_STAT_H 1
| #define HAVE_STDLIB_H 1
| #define HAVE_STRING_H 1
| #define HAVE_MEMORY_H 1
| #define HAVE_STRINGS_H 1
| #define HAVE_INTTYPES_H 1
| #define HAVE_STDINT_H 1
| #define HAVE_UNISTD_H 1
| #define HAVE_ALLOCA_H 1
| #define HAVE_ALLOCA 1
| #define HAVE_DIRENT_H 1
| #define STDC_HEADERS 1
| #define HAVE_FCNTL_H 1
| #define HAVE_FENV_H 1
| #define HAVE_FLOAT_H 1
| #define HAVE_INTTYPES_H 1
| #define HAVE_LIMITS_H 1
| #define HAVE_MALLOC_H 1
| #define HAVE_MEMORY_H 1
| #define HAVE_NL_TYPES_H 1
| #define HAVE_STDDEF_H 1
| #define HAVE_STDINT_H 1
| #define HAVE_STDLIB_H 1
| #define HAVE_STRING_H 1
| #define HAVE_SYS_FILE_H 1
| #define HAVE_SYS_PARAM_H 1
| #define HAVE_SYS_TIME_H 1
| #define HAVE_UNISTD_H 1
| #define HAVE_VALUES_H 1
| #define HAVE_WCHAR_H 1
| #define HAVE_WCTYPE_H 1
| /* end confdefs.h.  */
| #include <stdio.h>
| #ifdef HAVE_SYS_TYPES_H
| # include <sys/types.h>
| #endif
| #ifdef HAVE_SYS_STAT_H
| # include <sys/stat.h>
| #endif
| #ifdef STDC_HEADERS
| # include <stdlib.h>
| # include <stddef.h>
| #else
| # ifdef HAVE_STDLIB_H
| #  include <stdlib.h>
| # endif
| #endif
| #ifdef HAVE_STRING_H
| # if !defined STDC_HEADERS && defined HAVE_MEMORY_H
| #  include <memory.h>
| # endif
| # include <string.h>
| #endif
| #ifdef HAVE_STRINGS_H
| # include <strings.h>
| #endif
| #ifdef HAVE_INTTYPES_H
| # include <inttypes.h>
| #endif
| #ifdef HAVE_STDINT_H
| # include <stdint.h>
| #endif
| #ifdef HAVE_UNISTD_H
| # include <unistd.h>
| #endif
| int
| main ()
| {
| if (sizeof ((_Bool)))
| 	    return 0;
|   ;
|   return 0;
| }
configure:5623: result: yes
configure:5639: checking for an ANSI C-conforming const
configure:5704: gcc -c -g -O2  conftest.c >&5
configure:5704: $? = 0
configure:5711: result: yes
configure:5719: checking for inline
configure:5735: gcc -c -g -O2  conftest.c >&5
configure:5735: $? = 0
configure:5743: result: inline
configure:5761: checking for off_t
configure:5761: gcc -c -g -O2  conftest.c >&5
configure:5761: $? = 0
configure:5761: gcc -c -g -O2  conftest.c >&5
conftest.c: In function 'main':
conftest.c:82: error: expected expression before ')' token
configure:5761: $? = 1
configure: failed program was:
| /* confdefs.h */
| #define PACKAGE_NAME "NetTrader"
| #define PACKAGE_TARNAME "nettrader"
| #define PACKAGE_VERSION "0.5 "
| #define PACKAGE_STRING "NetTrader 0.5 "
| #define PACKAGE_BUGREPORT "a.faisal@gmx.net"
| #define PACKAGE_URL ""
| #define PACKAGE "nettrader"
| #define VERSION "0.5 "
| #define STDC_HEADERS 1
| #define HAVE_SYS_TYPES_H 1
| #define HAVE_SYS_STAT_H 1
| #define HAVE_STDLIB_H 1
| #define HAVE_STRING_H 1
| #define HAVE_MEMORY_H 1
| #define HAVE_STRINGS_H 1
| #define HAVE_INTTYPES_H 1
| #define HAVE_STDINT_H 1
| #define HAVE_UNISTD_H 1
| #define HAVE_ALLOCA_H 1
| #define HAVE_ALLOCA 1
| #define HAVE_DIRENT_H 1
| #define STDC_HEADERS 1
| #define HAVE_FCNTL_H 1
| #define HAVE_FENV_H 1
| #define HAVE_FLOAT_H 1
| #define HAVE_INTTYPES_H 1
| #define HAVE_LIMITS_H 1
| #define HAVE_MALLOC_H 1
| #define HAVE_MEMORY_H 1
| #define HAVE_NL_TYPES_H 1
| #define HAVE_STDDEF_H 1
| #define HAVE_STDINT_H 1
| #define HAVE_STDLIB_H 1
| #define HAVE_STRING_H 1
| #define HAVE_SYS_FILE_H 1
| #define HAVE_SYS_PARAM_H 1
| #define HAVE_SYS_TIME_H 1
| #define HAVE_UNISTD_H 1
| #define HAVE_VALUES_H 1
| #define HAVE_WCHAR_H 1
| #define HAVE_WCTYPE_H 1
| #define HAVE__BOOL 1
| #define HAVE_STDBOOL_H 1
| /* end confdefs.h.  */
| #include <stdio.h>
| #ifdef HAVE_SYS_TYPES_H
| # include <sys/types.h>
| #endif
| #ifdef HAVE_SYS_STAT_H
| # include <sys/stat.h>
| #endif
| #ifdef STDC_HEADERS
| # include <stdlib.h>
| # include <stddef.h>
| #else
| # ifdef HAVE_STDLIB_H
| #  include <stdlib.h>
| # endif
| #endif
| #ifdef HAVE_STRING_H
| # if !defined STDC_HEADERS && defined HAVE_MEMORY_H
| #  include <memory.h>
| # endif
| # include <string.h>
| #endif
| #ifdef HAVE_STRINGS_H
| # include <strings.h>
| #endif
| #ifdef HAVE_INTTYPES_H
| # include <inttypes.h>
| #endif
| #ifdef HAVE_STDINT_H
| # include <stdint.h>
| #endif
| #ifdef HAVE_UNISTD_H
| # include <unistd.h>
| #endif
| int
| main ()
| {
| if (sizeof ((off_t)))
| 	    return 0;
|   ;
|   return 0;
| }
configure:5761: result: yes
configure:5772: checking for pid_t
configure:5772: gcc -c -g -O2  conftest.c >&5
configure:5772: $? = 0
configure:5772: gcc -c -g -O2  conftest.c >&5
conftest.c: In function 'main':
conftest.c:82: error: expected expression before ')' token
configure:5772: $? = 1
configure: failed program was:
| /* confdefs.h */
| #define PACKAGE_NAME "NetTrader"
| #define PACKAGE_TARNAME "nettrader"
| #define PACKAGE_VERSION "0.5 "
| #define PACKAGE_STRING "NetTrader 0.5 "
| #define PACKAGE_BUGREPORT "a.faisal@gmx.net"
| #define PACKAGE_URL ""
| #define PACKAGE "nettrader"
| #define VERSION "0.5 "
| #define STDC_HEADERS 1
| #define HAVE_SYS_TYPES_H 1
| #define HAVE_SYS_STAT_H 1
| #define HAVE_STDLIB_H 1
| #define HAVE_STRING_H 1
| #define HAVE_MEMORY_H 1
| #define HAVE_STRINGS_H 1
| #define HAVE_INTTYPES_H 1
| #define HAVE_STDINT_H 1
| #define HAVE_UNISTD_H 1
| #define HAVE_ALLOCA_H 1
| #define HAVE_ALLOCA 1
| #define HAVE_DIRENT_H 1
| #define STDC_HEADERS 1
| #define HAVE_FCNTL_H 1
| #define HAVE_FENV_H 1
| #define HAVE_FLOAT_H 1
| #define HAVE_INTTYPES_H 1
| #define HAVE_LIMITS_H 1
| #define HAVE_MALLOC_H 1
| #define HAVE_MEMORY_H 1
| #define HAVE_NL_TYPES_H 1
| #define HAVE_STDDEF_H 1
| #define HAVE_STDINT_H 1
| #define HAVE_STDLIB_H 1
| #define HAVE_STRING_H 1
| #define HAVE_SYS_FILE_H 1
| #define HAVE_SYS_PARAM_H 1
| #define HAVE_SYS_TIME_H 1
| #define HAVE_UNISTD_H 1
| #define HAVE_VALUES_H 1
| #define HAVE_WCHAR_H 1
| #define HAVE_WCTYPE_H 1
| #define HAVE__BOOL 1
| #define HAVE_STDBOOL_H 1
| /* end confdefs.h.  */
| #include <stdio.h>
| #ifdef HAVE_SYS_TYPES_H
| # include <sys/types.h>
| #endif
| #ifdef HAVE_SYS_STAT_H
| # include <sys/stat.h>
| #endif
| #ifdef STDC_HEADERS
| # include <stdlib.h>
| # include <stddef.h>
| #else
| # ifdef HAVE_STDLIB_H
| #  include <stdlib.h>
| # endif
| #endif
| #ifdef HAVE_STRING_H
| # if !defined STDC_HEADERS && defined HAVE_MEMORY_H
| #  include <memory.h>
| # endif
| # include <string.h>
| #endif
| #ifdef HAVE_STRINGS_H
| # include <strings.h>
| #endif
| #ifdef HAVE_INTTYPES_H
| # include <inttypes.h>
| #endif
| #ifdef HAVE_STDINT_H
| # include <stdint.h>
| #endif
| #ifdef HAVE_UNISTD_H
| # include <unistd.h>
| #endif
| int
| main ()
| {
| if (sizeof ((pid_t)))
| 	    return 0;
|   ;
|   return 0;
| }
configure:5772: result: yes
configure:5783: checking for size_t
configure:5783: gcc -c -g -O2  conftest.c >&5
configure:5783: $? = 0
configure:5783: gcc -c -g -O2  conftest.c >&5
conftest.c: In function 'main':
conftest.c:82: error: expected expression before ')' token
configure:5783: $? = 1
configure: failed program was:
| /* confdefs.h */
| #define PACKAGE_NAME "NetTrader"
| #define PACKAGE_TARNAME "nettrader"
| #define PACKAGE_VERSION "0.5 "
| #define PACKAGE_STRING "NetTrader 0.5 "
| #define PACKAGE_BUGREPORT "a.faisal@gmx.net"
| #define PACKAGE_URL ""
| #define PACKAGE "nettrader"
| #define VERSION "0.5 "
| #define STDC_HEADERS 1
| #define HAVE_SYS_TYPES_H 1
| #define HAVE_SYS_STAT_H 1
| #define HAVE_STDLIB_H 1
| #define HAVE_STRING_H 1
| #define HAVE_MEMORY_H 1
| #define HAVE_STRINGS_H 1
| #define HAVE_INTTYPES_H 1
| #define HAVE_STDINT_H 1
| #define HAVE_UNISTD_H 1
| #define HAVE_ALLOCA_H 1
| #define HAVE_ALLOCA 1
| #define HAVE_DIRENT_H 1
| #define STDC_HEADERS 1
| #define HAVE_FCNTL_H 1
| #define HAVE_FENV_H 1
| #define HAVE_FLOAT_H 1
| #define HAVE_INTTYPES_H 1
| #define HAVE_LIMITS_H 1
| #define HAVE_MALLOC_H 1
| #define HAVE_MEMORY_H 1
| #define HAVE_NL_TYPES_H 1
| #define HAVE_STDDEF_H 1
| #define HAVE_STDINT_H 1
| #define HAVE_STDLIB_H 1
| #define HAVE_STRING_H 1
| #define HAVE_SYS_FILE_H 1
| #define HAVE_SYS_PARAM_H 1
| #define HAVE_SYS_TIME_H 1
| #define HAVE_UNISTD_H 1
| #define HAVE_VALUES_H 1
| #define HAVE_WCHAR_H 1
| #define HAVE_WCTYPE_H 1
| #define HAVE__BOOL 1
| #define HAVE_STDBOOL_H 1
| /* end confdefs.h.  */
| #include <stdio.h>
| #ifdef HAVE_SYS_TYPES_H
| # include <sys/types.h>
| #endif
| #ifdef HAVE_SYS_STAT_H
| # include <sys/stat.h>
| #endif
| #ifdef STDC_HEADERS
| # include <stdlib.h>
| # include <stddef.h>
| #else
| # ifdef HAVE_STDLIB_H
| #  include <stdlib.h>
| # endif
| #endif
| #ifdef HAVE_STRING_H
| # if !defined STDC_HEADERS && defined HAVE_MEMORY_H
| #  include <memory.h>
| # endif
| # include <string.h>
| #endif
| #ifdef HAVE_STRINGS_H
| # include <strings.h>
| #endif
| #ifdef HAVE_INTTYPES_H
| # include <inttypes.h>
| #endif
| #ifdef HAVE_STDINT_H
| # include <stdint.h>
| #endif
| #ifdef HAVE_UNISTD_H
| # include <unistd.h>
| #endif
| int
| main ()
| {
| if (sizeof ((size_t)))
| 	    return 0;
|   ;
|   return 0;
| }
configure:5783: result: yes
configure:5794: checking whether time.h and sys/time.h may both be included
configure:5814: gcc -c -g -O2  conftest.c >&5
configure:5814: $? = 0
configure:5821: result: yes
configure:5829: checking whether struct tm is in sys/time.h or time.h
configure:5849: gcc -c -g -O2  conftest.c >&5
configure:5849: $? = 0
configure:5856: result: time.h
configure:5864: checking for working volatile
configure:5883: gcc -c -g -O2  conftest.c >&5
configure:5883: $? = 0
configure:5890: result: yes
configure:5898: checking for ptrdiff_t
configure:5898: gcc -c -g -O2  conftest.c >&5
configure:5898: $? = 0
configure:5898: gcc -c -g -O2  conftest.c >&5
conftest.c: In function 'main':
conftest.c:83: error: expected expression before ')' token
configure:5898: $? = 1
configure: failed program was:
| /* confdefs.h */
| #define PACKAGE_NAME "NetTrader"
| #define PACKAGE_TARNAME "nettrader"
| #define PACKAGE_VERSION "0.5 "
| #define PACKAGE_STRING "NetTrader 0.5 "
| #define PACKAGE_BUGREPORT "a.faisal@gmx.net"
| #define PACKAGE_URL ""
| #define PACKAGE "nettrader"
| #define VERSION "0.5 "
| #define STDC_HEADERS 1
| #define HAVE_SYS_TYPES_H 1
| #define HAVE_SYS_STAT_H 1
| #define HAVE_STDLIB_H 1
| #define HAVE_STRING_H 1
| #define HAVE_MEMORY_H 1
| #define HAVE_STRINGS_H 1
| #define HAVE_INTTYPES_H 1
| #define HAVE_STDINT_H 1
| #define HAVE_UNISTD_H 1
| #define HAVE_ALLOCA_H 1
| #define HAVE_ALLOCA 1
| #define HAVE_DIRENT_H 1
| #define STDC_HEADERS 1
| #define HAVE_FCNTL_H 1
| #define HAVE_FENV_H 1
| #define HAVE_FLOAT_H 1
| #define HAVE_INTTYPES_H 1
| #define HAVE_LIMITS_H 1
| #define HAVE_MALLOC_H 1
| #define HAVE_MEMORY_H 1
| #define HAVE_NL_TYPES_H 1
| #define HAVE_STDDEF_H 1
| #define HAVE_STDINT_H 1
| #define HAVE_STDLIB_H 1
| #define HAVE_STRING_H 1
| #define HAVE_SYS_FILE_H 1
| #define HAVE_SYS_PARAM_H 1
| #define HAVE_SYS_TIME_H 1
| #define HAVE_UNISTD_H 1
| #define HAVE_VALUES_H 1
| #define HAVE_WCHAR_H 1
| #define HAVE_WCTYPE_H 1
| #define HAVE__BOOL 1
| #define HAVE_STDBOOL_H 1
| #define TIME_WITH_SYS_TIME 1
| /* end confdefs.h.  */
| #include <stdio.h>
| #ifdef HAVE_SYS_TYPES_H
| # include <sys/types.h>
| #endif
| #ifdef HAVE_SYS_STAT_H
| # include <sys/stat.h>
| #endif
| #ifdef STDC_HEADERS
| # include <stdlib.h>
| # include <stddef.h>
| #else
| # ifdef HAVE_STDLIB_H
| #  include <stdlib.h>
| # endif
| #endif
| #ifdef HAVE_STRING_H
| # if !defined STDC_HEADERS && defined HAVE_MEMORY_H
| #  include <memory.h>
| # endif
| # include <string.h>
| #endif
| #ifdef HAVE_STRINGS_H
| # include <strings.h>
| #endif
| #ifdef HAVE_INTTYPES_H
| # include <inttypes.h>
| #endif
| #ifdef HAVE_STDINT_H
| # include <stdint.h>
| #endif
| #ifdef HAVE_UNISTD_H
| # include <unistd.h>
| #endif
| int
| main ()
| {
| if (sizeof ((ptrdiff_t)))
| 	    return 0;
|   ;
|   return 0;
| }
configure:5898: result: yes
configure:5910: checking whether closedir returns void
configure:5934: gcc -o conftest -g -O2   conftest.c  >&5
configure:5934: $? = 0
configure:5934: ./conftest
configure:5934: $? = 0
configure:5944: result: no
configure:5952: checking for error_at_line
configure:5968: gcc -o conftest -g -O2   conftest.c  >&5
configure:5968: $? = 0
configure:5976: result: yes
configure:5989: checking vfork.h usability
configure:5989: gcc -c -g -O2  conftest.c >&5
conftest.c:81: fatal error: vfork.h: No such file or directory
compilation terminated.
configure:5989: $? = 1
configure: failed program was:
| /* confdefs.h */
| #define PACKAGE_NAME "NetTrader"
| #define PACKAGE_TARNAME "nettrader"
| #define PACKAGE_VERSION "0.5 "
| #define PACKAGE_STRING "NetTrader 0.5 "
| #define PACKAGE_BUGREPORT "a.faisal@gmx.net"
| #define PACKAGE_URL ""
| #define PACKAGE "nettrader"
| #define VERSION "0.5 "
| #define STDC_HEADERS 1
| #define HAVE_SYS_TYPES_H 1
| #define HAVE_SYS_STAT_H 1
| #define HAVE_STDLIB_H 1
| #define HAVE_STRING_H 1
| #define HAVE_MEMORY_H 1
| #define HAVE_STRINGS_H 1
| #define HAVE_INTTYPES_H 1
| #define HAVE_STDINT_H 1
| #define HAVE_UNISTD_H 1
| #define HAVE_ALLOCA_H 1
| #define HAVE_ALLOCA 1
| #define HAVE_DIRENT_H 1
| #define STDC_HEADERS 1
| #define HAVE_FCNTL_H 1
| #define HAVE_FENV_H 1
| #define HAVE_FLOAT_H 1
| #define HAVE_INTTYPES_H 1
| #define HAVE_LIMITS_H 1
| #define HAVE_MALLOC_H 1
| #define HAVE_MEMORY_H 1
| #define HAVE_NL_TYPES_H 1
| #define HAVE_STDDEF_H 1
| #define HAVE_STDINT_H 1
| #define HAVE_STDLIB_H 1
| #define HAVE_STRING_H 1
| #define HAVE_SYS_FILE_H 1
| #define HAVE_SYS_PARAM_H 1
| #define HAVE_SYS_TIME_H 1
| #define HAVE_UNISTD_H 1
| #define HAVE_VALUES_H 1
| #define HAVE_WCHAR_H 1
| #define HAVE_WCTYPE_H 1
| #define HAVE__BOOL 1
| #define HAVE_STDBOOL_H 1
| #define TIME_WITH_SYS_TIME 1
| #define HAVE_PTRDIFF_T 1
| /* end confdefs.h.  */
| #include <stdio.h>
| #ifdef HAVE_SYS_TYPES_H
| # include <sys/types.h>
| #endif
| #ifdef HAVE_SYS_STAT_H
| # include <sys/stat.h>
| #endif
| #ifdef STDC_HEADERS
| # include <stdlib.h>
| # include <stddef.h>
| #else
| # ifdef HAVE_STDLIB_H
| #  include <stdlib.h>
| # endif
| #endif
| #ifdef HAVE_STRING_H
| # if !defined STDC_HEADERS && defined HAVE_MEMORY_H
| #  include <memory.h>
| # endif
| # include <string.h>
| #endif
| #ifdef HAVE_STRINGS_H
| # include <strings.h>
| #endif
| #ifdef HAVE_INTTYPES_H
| # include <inttypes.h>
| #endif
| #ifdef HAVE_STDINT_H
| # include <stdint.h>
| #endif
| #ifdef HAVE_UNISTD_H
| # include <unistd.h>
| #endif
| #include <vfork.h>
configure:5989: result: no
configure:5989: checking vfork.h presence
configure:5989: gcc -E  conftest.c
conftest.c:48: fatal error: vfork.h: No such file or directory
compilation terminated.
configure:5989: $? = 1
configure: failed program was:
| /* confdefs.h */
| #define PACKAGE_NAME "NetTrader"
| #define PACKAGE_TARNAME "nettrader"
| #define PACKAGE_VERSION "0.5 "
| #define PACKAGE_STRING "NetTrader 0.5 "
| #define PACKAGE_BUGREPORT "a.faisal@gmx.net"
| #define PACKAGE_URL ""
| #define PACKAGE "nettrader"
| #define VERSION "0.5 "
| #define STDC_HEADERS 1
| #define HAVE_SYS_TYPES_H 1
| #define HAVE_SYS_STAT_H 1
| #define HAVE_STDLIB_H 1
| #define HAVE_STRING_H 1
| #define HAVE_MEMORY_H 1
| #define HAVE_STRINGS_H 1
| #define HAVE_INTTYPES_H 1
| #define HAVE_STDINT_H 1
| #define HAVE_UNISTD_H 1
| #define HAVE_ALLOCA_H 1
| #define HAVE_ALLOCA 1
| #define HAVE_DIRENT_H 1
| #define STDC_HEADERS 1
| #define HAVE_FCNTL_H 1
| #define HAVE_FENV_H 1
| #define HAVE_FLOAT_H 1
| #define HAVE_INTTYPES_H 1
| #define HAVE_LIMITS_H 1
| #define HAVE_MALLOC_H 1
| #define HAVE_MEMORY_H 1
| #define HAVE_NL_TYPES_H 1
| #define HAVE_STDDEF_H 1
| #define HAVE_STDINT_H 1
| #define HAVE_STDLIB_H 1
| #define HAVE_STRING_H 1
| #define HAVE_SYS_FILE_H 1
| #define HAVE_SYS_PARAM_H 1
| #define HAVE_SYS_TIME_H 1
| #define HAVE_UNISTD_H 1
| #define HAVE_VALUES_H 1
| #define HAVE_WCHAR_H 1
| #define HAVE_WCTYPE_H 1
| #define HAVE__BOOL 1
| #define HAVE_STDBOOL_H 1
| #define TIME_WITH_SYS_TIME 1
| #define HAVE_PTRDIFF_T 1
| /* end confdefs.h.  */
| #include <vfork.h>
configure:5989: result: no
configure:5989: checking for vfork.h
configure:5989: result: no
configure:6002: checking for fork
configure:6002: gcc -o conftest -g -O2   conftest.c  >&5
conftest.c:71: warning: conflicting types for built-in function 'fork'
configure:6002: $? = 0
configure:6002: result: yes
configure:6002: checking for vfork
configure:6002: gcc -o conftest -g -O2   conftest.c  >&5
configure:6002: $? = 0
configure:6002: result: yes
configure:6012: checking for working fork
configure:6034: gcc -o conftest -g -O2   conftest.c  >&5
configure:6034: $? = 0
configure:6034: ./conftest
configure:6034: $? = 0
configure:6044: result: yes
configure:6065: checking for working vfork
configure:6175: result: yes
configure:6202: checking for stdlib.h
configure:6202: result: yes
configure:6212: checking for GNU libc compatible malloc
configure:6236: gcc -o conftest -g -O2   conftest.c  >&5
configure:6236: $? = 0
configure:6236: ./conftest
configure:6236: $? = 0
configure:6246: result: yes
configure:6267: checking for working memcmp
configure:6310: gcc -o conftest -g -O2   conftest.c  >&5
configure:6310: $? = 0
configure:6310: ./conftest
configure:6310: $? = 0
configure:6320: result: yes
configure:6331: checking for stdlib.h
configure:6331: result: yes
configure:6341: checking for GNU libc compatible realloc
configure:6365: gcc -o conftest -g -O2   conftest.c  >&5
configure:6365: $? = 0
configure:6365: ./conftest
configure:6365: $? = 0
configure:6375: result: yes
configure:6399: checking sys/select.h usability
configure:6399: gcc -c -g -O2  conftest.c >&5
configure:6399: $? = 0
configure:6399: result: yes
configure:6399: checking sys/select.h presence
configure:6399: gcc -E  conftest.c
configure:6399: $? = 0
configure:6399: result: yes
configure:6399: checking for sys/select.h
configure:6399: result: yes
configure:6399: checking sys/socket.h usability
configure:6399: gcc -c -g -O2  conftest.c >&5
configure:6399: $? = 0
configure:6399: result: yes
configure:6399: checking sys/socket.h presence
configure:6399: gcc -E  conftest.c
configure:6399: $? = 0
configure:6399: result: yes
configure:6399: checking for sys/socket.h
configure:6399: result: yes
configure:6409: checking types of arguments for select
configure:6437: gcc -c -g -O2  conftest.c >&5
configure:6437: $? = 0
configure:6448: result: int,fd_set *,struct timeval *
configure:6471: checking return type of signal handlers
configure:6489: gcc -c -g -O2  conftest.c >&5
conftest.c: In function 'main':
conftest.c:67: error: void value not ignored as it ought to be
configure:6489: $? = 1
configure: failed program was:
| /* confdefs.h */
| #define PACKAGE_NAME "NetTrader"
| #define PACKAGE_TARNAME "nettrader"
| #define PACKAGE_VERSION "0.5 "
| #define PACKAGE_STRING "NetTrader 0.5 "
| #define PACKAGE_BUGREPORT "a.faisal@gmx.net"
| #define PACKAGE_URL ""
| #define PACKAGE "nettrader"
| #define VERSION "0.5 "
| #define STDC_HEADERS 1
| #define HAVE_SYS_TYPES_H 1
| #define HAVE_SYS_STAT_H 1
| #define HAVE_STDLIB_H 1
| #define HAVE_STRING_H 1
| #define HAVE_MEMORY_H 1
| #define HAVE_STRINGS_H 1
| #define HAVE_INTTYPES_H 1
| #define HAVE_STDINT_H 1
| #define HAVE_UNISTD_H 1
| #define HAVE_ALLOCA_H 1
| #define HAVE_ALLOCA 1
| #define HAVE_DIRENT_H 1
| #define STDC_HEADERS 1
| #define HAVE_FCNTL_H 1
| #define HAVE_FENV_H 1
| #define HAVE_FLOAT_H 1
| #define HAVE_INTTYPES_H 1
| #define HAVE_LIMITS_H 1
| #define HAVE_MALLOC_H 1
| #define HAVE_MEMORY_H 1
| #define HAVE_NL_TYPES_H 1
| #define HAVE_STDDEF_H 1
| #define HAVE_STDINT_H 1
| #define HAVE_STDLIB_H 1
| #define HAVE_STRING_H 1
| #define HAVE_SYS_FILE_H 1
| #define HAVE_SYS_PARAM_H 1
| #define HAVE_SYS_TIME_H 1
| #define HAVE_UNISTD_H 1
| #define HAVE_VALUES_H 1
| #define HAVE_WCHAR_H 1
| #define HAVE_WCTYPE_H 1
| #define HAVE__BOOL 1
| #define HAVE_STDBOOL_H 1
| #define TIME_WITH_SYS_TIME 1
| #define HAVE_PTRDIFF_T 1
| #define HAVE_FORK 1
| #define HAVE_VFORK 1
| #define HAVE_WORKING_VFORK 1
| #define HAVE_WORKING_FORK 1
| #define HAVE_STDLIB_H 1
| #define HAVE_MALLOC 1
| #define HAVE_STDLIB_H 1
| #define HAVE_REALLOC 1
| #define HAVE_SYS_SELECT_H 1
| #define HAVE_SYS_SOCKET_H 1
| #define SELECT_TYPE_ARG1 int
| #define SELECT_TYPE_ARG234 (fd_set *)
| #define SELECT_TYPE_ARG5 (struct timeval *)
| /* end confdefs.h.  */
| #include <sys/types.h>
| #include <signal.h>
| 
| int
| main ()
| {
| return *(signal (0, 0)) (0) == 1;
|   ;
|   return 0;
| }
configure:6496: result: void
configure:6504: checking whether lstat correctly handles trailing slash
configure:6530: gcc -o conftest -g -O2   conftest.c  >&5
configure:6530: $? = 0
configure:6530: ./conftest
configure:6530: $? = 0
configure:6547: result: yes
configure:6566: checking whether stat accepts an empty string
configure:6586: gcc -o conftest -g -O2   conftest.c  >&5
configure:6586: $? = 0
configure:6586: ./conftest
configure:6586: $? = 0
configure:6596: result: no
configure:6614: checking for strftime
configure:6614: gcc -o conftest -g -O2   conftest.c  >&5
conftest.c:86: warning: conflicting types for built-in function 'strftime'
configure:6614: $? = 0
configure:6614: result: yes
configure:6669: checking for vprintf
configure:6669: gcc -o conftest -g -O2   conftest.c  >&5
conftest.c:87: warning: conflicting types for built-in function 'vprintf'
configure:6669: $? = 0
configure:6669: result: yes
configure:6675: checking for _doprnt
configure:6675: gcc -o conftest -g -O2   conftest.c  >&5
/tmp/ccgA96x1.o: In function `main':
/home/man210/projects/nettrader-0.5/conftest.c:99: undefined reference to `_doprnt'
collect2: ld returned 1 exit status
configure:6675: $? = 1
configure: failed program was:
| /* confdefs.h */
| #define PACKAGE_NAME "NetTrader"
| #define PACKAGE_TARNAME "nettrader"
| #define PACKAGE_VERSION "0.5 "
| #define PACKAGE_STRING "NetTrader 0.5 "
| #define PACKAGE_BUGREPORT "a.faisal@gmx.net"
| #define PACKAGE_URL ""
| #define PACKAGE "nettrader"
| #define VERSION "0.5 "
| #define STDC_HEADERS 1
| #define HAVE_SYS_TYPES_H 1
| #define HAVE_SYS_STAT_H 1
| #define HAVE_STDLIB_H 1
| #define HAVE_STRING_H 1
| #define HAVE_MEMORY_H 1
| #define HAVE_STRINGS_H 1
| #define HAVE_INTTYPES_H 1
| #define HAVE_STDINT_H 1
| #define HAVE_UNISTD_H 1
| #define HAVE_ALLOCA_H 1
| #define HAVE_ALLOCA 1
| #define HAVE_DIRENT_H 1
| #define STDC_HEADERS 1
| #define HAVE_FCNTL_H 1
| #define HAVE_FENV_H 1
| #define HAVE_FLOAT_H 1
| #define HAVE_INTTYPES_H 1
| #define HAVE_LIMITS_H 1
| #define HAVE_MALLOC_H 1
| #define HAVE_MEMORY_H 1
| #define HAVE_NL_TYPES_H 1
| #define HAVE_STDDEF_H 1
| #define HAVE_STDINT_H 1
| #define HAVE_STDLIB_H 1
| #define HAVE_STRING_H 1
| #define HAVE_SYS_FILE_H 1
| #define HAVE_SYS_PARAM_H 1
| #define HAVE_SYS_TIME_H 1
| #define HAVE_UNISTD_H 1
| #define HAVE_VALUES_H 1
| #define HAVE_WCHAR_H 1
| #define HAVE_WCTYPE_H 1
| #define HAVE__BOOL 1
| #define HAVE_STDBOOL_H 1
| #define TIME_WITH_SYS_TIME 1
| #define HAVE_PTRDIFF_T 1
| #define HAVE_FORK 1
| #define HAVE_VFORK 1
| #define HAVE_WORKING_VFORK 1
| #define HAVE_WORKING_FORK 1
| #define HAVE_STDLIB_H 1
| #define HAVE_MALLOC 1
| #define HAVE_STDLIB_H 1
| #define HAVE_REALLOC 1
| #define HAVE_SYS_SELECT_H 1
| #define HAVE_SYS_SOCKET_H 1
| #define SELECT_TYPE_ARG1 int
| #define SELECT_TYPE_ARG234 (fd_set *)
| #define SELECT_TYPE_ARG5 (struct timeval *)
| #define RETSIGTYPE void
| #define LSTAT_FOLLOWS_SLASHED_SYMLINK 1
| #define HAVE_STRFTIME 1
| #define HAVE_VPRINTF 1
| /* end confdefs.h.  */
| /* Define _doprnt to an innocuous variant, in case <limits.h> declares _doprnt.
|    For example, HP-UX 11i <limits.h> declares gettimeofday.  */
| #define _doprnt innocuous__doprnt
| 
| /* System header to define __stub macros and hopefully few prototypes,
|     which can conflict with char _doprnt (); below.
|     Prefer <limits.h> to <assert.h> if __STDC__ is defined, since
|     <limits.h> exists even on freestanding compilers.  */
| 
| #ifdef __STDC__
| # include <limits.h>
| #else
| # include <assert.h>
| #endif
| 
| #undef _doprnt
| 
| /* Override any GCC internal prototype to avoid an error.
|    Use char because int might match the return type of a GCC
|    builtin and then its argument prototype would still apply.  */
| #ifdef __cplusplus
| extern "C"
| #endif
| char _doprnt ();
| /* The GNU C library defines this for functions which it implements
|     to always fail with ENOSYS.  Some functions are actually named
|     something starting with __ and the normal name is an alias.  */
| #if defined __stub__doprnt || defined __stub____doprnt
| choke me
| #endif
| 
| int
| main ()
| {
| return _doprnt ();
|   ;
|   return 0;
| }
configure:6675: result: no
configure:6689: checking for alarm
configure:6689: gcc -o conftest -g -O2   conftest.c  >&5
configure:6689: $? = 0
configure:6689: result: yes
configure:6689: checking for clock_gettime
configure:6689: gcc -o conftest -g -O2   conftest.c  >&5
/tmp/ccwIgEyb.o: In function `main':
/home/man210/projects/nettrader-0.5/conftest.c:100: undefined reference to `clock_gettime'
collect2: ld returned 1 exit status
configure:6689: $? = 1
configure: failed program was:
| /* confdefs.h */
| #define PACKAGE_NAME "NetTrader"
| #define PACKAGE_TARNAME "nettrader"
| #define PACKAGE_VERSION "0.5 "
| #define PACKAGE_STRING "NetTrader 0.5 "
| #define PACKAGE_BUGREPORT "a.faisal@gmx.net"
| #define PACKAGE_URL ""
| #define PACKAGE "nettrader"
| #define VERSION "0.5 "
| #define STDC_HEADERS 1
| #define HAVE_SYS_TYPES_H 1
| #define HAVE_SYS_STAT_H 1
| #define HAVE_STDLIB_H 1
| #define HAVE_STRING_H 1
| #define HAVE_MEMORY_H 1
| #define HAVE_STRINGS_H 1
| #define HAVE_INTTYPES_H 1
| #define HAVE_STDINT_H 1
| #define HAVE_UNISTD_H 1
| #define HAVE_ALLOCA_H 1
| #define HAVE_ALLOCA 1
| #define HAVE_DIRENT_H 1
| #define STDC_HEADERS 1
| #define HAVE_FCNTL_H 1
| #define HAVE_FENV_H 1
| #define HAVE_FLOAT_H 1
| #define HAVE_INTTYPES_H 1
| #define HAVE_LIMITS_H 1
| #define HAVE_MALLOC_H 1
| #define HAVE_MEMORY_H 1
| #define HAVE_NL_TYPES_H 1
| #define HAVE_STDDEF_H 1
| #define HAVE_STDINT_H 1
| #define HAVE_STDLIB_H 1
| #define HAVE_STRING_H 1
| #define HAVE_SYS_FILE_H 1
| #define HAVE_SYS_PARAM_H 1
| #define HAVE_SYS_TIME_H 1
| #define HAVE_UNISTD_H 1
| #define HAVE_VALUES_H 1
| #define HAVE_WCHAR_H 1
| #define HAVE_WCTYPE_H 1
| #define HAVE__BOOL 1
| #define HAVE_STDBOOL_H 1
| #define TIME_WITH_SYS_TIME 1
| #define HAVE_PTRDIFF_T 1
| #define HAVE_FORK 1
| #define HAVE_VFORK 1
| #define HAVE_WORKING_VFORK 1
| #define HAVE_WORKING_FORK 1
| #define HAVE_STDLIB_H 1
| #define HAVE_MALLOC 1
| #define HAVE_STDLIB_H 1
| #define HAVE_REALLOC 1
| #define HAVE_SYS_SELECT_H 1
| #define HAVE_SYS_SOCKET_H 1
| #define SELECT_TYPE_ARG1 int
| #define SELECT_TYPE_ARG234 (fd_set *)
| #define SELECT_TYPE_ARG5 (struct timeval *)
| #define RETSIGTYPE void
| #define LSTAT_FOLLOWS_SLASHED_SYMLINK 1
| #define HAVE_STRFTIME 1
| #define HAVE_VPRINTF 1
| #define HAVE_ALARM 1
| /* end confdefs.h.  */
| /* Define clock_gettime to an innocuous variant, in case <limits.h> declares clock_gettime.
|    For example, HP-UX 11i <limits.h> declares gettimeofday.  */
| #define clock_gettime innocuous_clock_gettime
| 
| /* System header to define __stub macros and hopefully few prototypes,
|     which can conflict with char clock_gettime (); below.
|     Prefer <limits.h> to <assert.h> if __STDC__ is defined, since
|     <limits.h> exists even on freestanding compilers.  */
| 
| #ifdef __STDC__
| # include <limits.h>
| #else
| # include <assert.h>
| #endif
| 
| #undef clock_gettime
| 
| /* Override any GCC internal prototype to avoid an error.
|    Use char because int might match the return type of a GCC
|    builtin and then its argument prototype would still apply.  */
| #ifdef __cplusplus
| extern "C"
| #endif
| char clock_gettime ();
| /* The GNU C library defines this for functions which it implements
|     to always fail with ENOSYS.  Some functions are actually named
|     something starting with __ and the normal name is an alias.  */
| #if defined __stub_clock_gettime || defined __stub___clock_gettime
| choke me
| #endif
| 
| int
| main ()
| {
| return clock_gettime ();
|   ;
|   return 0;
| }
configure:6689: result: no
configure:6689: checking for fesetround
configure:6689: gcc -o conftest -g -O2   conftest.c  >&5
/tmp/ccepLu8f.o: In function `main':
/home/man210/projects/nettrader-0.5/conftest.c:100: undefined reference to `fesetround'
collect2: ld returned 1 exit status
configure:6689: $? = 1
configure: failed program was:
| /* confdefs.h */
| #define PACKAGE_NAME "NetTrader"
| #define PACKAGE_TARNAME "nettrader"
| #define PACKAGE_VERSION "0.5 "
| #define PACKAGE_STRING "NetTrader 0.5 "
| #define PACKAGE_BUGREPORT "a.faisal@gmx.net"
| #define PACKAGE_URL ""
| #define PACKAGE "nettrader"
| #define VERSION "0.5 "
| #define STDC_HEADERS 1
| #define HAVE_SYS_TYPES_H 1
| #define HAVE_SYS_STAT_H 1
| #define HAVE_STDLIB_H 1
| #define HAVE_STRING_H 1
| #define HAVE_MEMORY_H 1
| #define HAVE_STRINGS_H 1
| #define HAVE_INTTYPES_H 1
| #define HAVE_STDINT_H 1
| #define HAVE_UNISTD_H 1
| #define HAVE_ALLOCA_H 1
| #define HAVE_ALLOCA 1
| #define HAVE_DIRENT_H 1
| #define STDC_HEADERS 1
| #define HAVE_FCNTL_H 1
| #define HAVE_FENV_H 1
| #define HAVE_FLOAT_H 1
| #define HAVE_INTTYPES_H 1
| #define HAVE_LIMITS_H 1
| #define HAVE_MALLOC_H 1
| #define HAVE_MEMORY_H 1
| #define HAVE_NL_TYPES_H 1
| #define HAVE_STDDEF_H 1
| #define HAVE_STDINT_H 1
| #define HAVE_STDLIB_H 1
| #define HAVE_STRING_H 1
| #define HAVE_SYS_FILE_H 1
| #define HAVE_SYS_PARAM_H 1
| #define HAVE_SYS_TIME_H 1
| #define HAVE_UNISTD_H 1
| #define HAVE_VALUES_H 1
| #define HAVE_WCHAR_H 1
| #define HAVE_WCTYPE_H 1
| #define HAVE__BOOL 1
| #define HAVE_STDBOOL_H 1
| #define TIME_WITH_SYS_TIME 1
| #define HAVE_PTRDIFF_T 1
| #define HAVE_FORK 1
| #define HAVE_VFORK 1
| #define HAVE_WORKING_VFORK 1
| #define HAVE_WORKING_FORK 1
| #define HAVE_STDLIB_H 1
| #define HAVE_MALLOC 1
| #define HAVE_STDLIB_H 1
| #define HAVE_REALLOC 1
| #define HAVE_SYS_SELECT_H 1
| #define HAVE_SYS_SOCKET_H 1
| #define SELECT_TYPE_ARG1 int
| #define SELECT_TYPE_ARG234 (fd_set *)
| #define SELECT_TYPE_ARG5 (struct timeval *)
| #define RETSIGTYPE void
| #define LSTAT_FOLLOWS_SLASHED_SYMLINK 1
| #define HAVE_STRFTIME 1
| #define HAVE_VPRINTF 1
| #define HAVE_ALARM 1
| /* end confdefs.h.  */
| /* Define fesetround to an innocuous variant, in case <limits.h> declares fesetround.
|    For example, HP-UX 11i <limits.h> declares gettimeofday.  */
| #define fesetround innocuous_fesetround
| 
| /* System header to define __stub macros and hopefully few prototypes,
|     which can conflict with char fesetround (); below.
|     Prefer <limits.h> to <assert.h> if __STDC__ is defined, since
|     <limits.h> exists even on freestanding compilers.  */
| 
| #ifdef __STDC__
| # include <limits.h>
| #else
| # include <assert.h>
| #endif
| 
| #undef fesetround
| 
| /* Override any GCC internal prototype to avoid an error.
|    Use char because int might match the return type of a GCC
|    builtin and then its argument prototype would still apply.  */
| #ifdef __cplusplus
| extern "C"
| #endif
| char fesetround ();
| /* The GNU C library defines this for functions which it implements
|     to always fail with ENOSYS.  Some functions are actually named
|     something starting with __ and the normal name is an alias.  */
| #if defined __stub_fesetround || defined __stub___fesetround
| choke me
| #endif
| 
| int
| main ()
| {
| return fesetround ();
|   ;
|   return 0;
| }
configure:6689: result: no
configure:6689: checking for floor
configure:6689: gcc -o conftest -g -O2   conftest.c  >&5
conftest.c:89: warning: conflicting types for built-in function 'floor'
/tmp/ccNmrvPh.o: In function `main':
/home/man210/projects/nettrader-0.5/conftest.c:100: undefined reference to `floor'
collect2: ld returned 1 exit status
configure:6689: $? = 1
configure: failed program was:
| /* confdefs.h */
| #define PACKAGE_NAME "NetTrader"
| #define PACKAGE_TARNAME "nettrader"
| #define PACKAGE_VERSION "0.5 "
| #define PACKAGE_STRING "NetTrader 0.5 "
| #define PACKAGE_BUGREPORT "a.faisal@gmx.net"
| #define PACKAGE_URL ""
| #define PACKAGE "nettrader"
| #define VERSION "0.5 "
| #define STDC_HEADERS 1
| #define HAVE_SYS_TYPES_H 1
| #define HAVE_SYS_STAT_H 1
| #define HAVE_STDLIB_H 1
| #define HAVE_STRING_H 1
| #define HAVE_MEMORY_H 1
| #define HAVE_STRINGS_H 1
| #define HAVE_INTTYPES_H 1
| #define HAVE_STDINT_H 1
| #define HAVE_UNISTD_H 1
| #define HAVE_ALLOCA_H 1
| #define HAVE_ALLOCA 1
| #define HAVE_DIRENT_H 1
| #define STDC_HEADERS 1
| #define HAVE_FCNTL_H 1
| #define HAVE_FENV_H 1
| #define HAVE_FLOAT_H 1
| #define HAVE_INTTYPES_H 1
| #define HAVE_LIMITS_H 1
| #define HAVE_MALLOC_H 1
| #define HAVE_MEMORY_H 1
| #define HAVE_NL_TYPES_H 1
| #define HAVE_STDDEF_H 1
| #define HAVE_STDINT_H 1
| #define HAVE_STDLIB_H 1
| #define HAVE_STRING_H 1
| #define HAVE_SYS_FILE_H 1
| #define HAVE_SYS_PARAM_H 1
| #define HAVE_SYS_TIME_H 1
| #define HAVE_UNISTD_H 1
| #define HAVE_VALUES_H 1
| #define HAVE_WCHAR_H 1
| #define HAVE_WCTYPE_H 1
| #define HAVE__BOOL 1
| #define HAVE_STDBOOL_H 1
| #define TIME_WITH_SYS_TIME 1
| #define HAVE_PTRDIFF_T 1
| #define HAVE_FORK 1
| #define HAVE_VFORK 1
| #define HAVE_WORKING_VFORK 1
| #define HAVE_WORKING_FORK 1
| #define HAVE_STDLIB_H 1
| #define HAVE_MALLOC 1
| #define HAVE_STDLIB_H 1
| #define HAVE_REALLOC 1
| #define HAVE_SYS_SELECT_H 1
| #define HAVE_SYS_SOCKET_H 1
| #define SELECT_TYPE_ARG1 int
| #define SELECT_TYPE_ARG234 (fd_set *)
| #define SELECT_TYPE_ARG5 (struct timeval *)
| #define RETSIGTYPE void
| #define LSTAT_FOLLOWS_SLASHED_SYMLINK 1
| #define HAVE_STRFTIME 1
| #define HAVE_VPRINTF 1
| #define HAVE_ALARM 1
| /* end confdefs.h.  */
| /* Define floor to an innocuous variant, in case <limits.h> declares floor.
|    For example, HP-UX 11i <limits.h> declares gettimeofday.  */
| #define floor innocuous_floor
| 
| /* System header to define __stub macros and hopefully few prototypes,
|     which can conflict with char floor (); below.
|     Prefer <limits.h> to <assert.h> if __STDC__ is defined, since
|     <limits.h> exists even on freestanding compilers.  */
| 
| #ifdef __STDC__
| # include <limits.h>
| #else
| # include <assert.h>
| #endif
| 
| #undef floor
| 
| /* Override any GCC internal prototype to avoid an error.
|    Use char because int might match the return type of a GCC
|    builtin and then its argument prototype would still apply.  */
| #ifdef __cplusplus
| extern "C"
| #endif
| char floor ();
| /* The GNU C library defines this for functions which it implements
|     to always fail with ENOSYS.  Some functions are actually named
|     something starting with __ and the normal name is an alias.  */
| #if defined __stub_floor || defined __stub___floor
| choke me
| #endif
| 
| int
| main ()
| {
| return floor ();
|   ;
|   return 0;
| }
configure:6689: result: no
configure:6689: checking for ftime
configure:6689: gcc -o conftest -g -O2   conftest.c  >&5
configure:6689: $? = 0
configure:6689: result: yes
configure:6689: checking for getcwd
configure:6689: gcc -o conftest -g -O2   conftest.c  >&5
configure:6689: $? = 0
configure:6689: result: yes
configure:6689: checking for gettimeofday
configure:6689: gcc -o conftest -g -O2   conftest.c  >&5
configure:6689: $? = 0
configure:6689: result: yes
configure:6689: checking for memchr
configure:6689: gcc -o conftest -g -O2   conftest.c  >&5
conftest.c:92: warning: conflicting types for built-in function 'memchr'
configure:6689: $? = 0
configure:6689: result: yes
configure:6689: checking for memmove
configure:6689: gcc -o conftest -g -O2   conftest.c  >&5
conftest.c:93: warning: conflicting types for built-in function 'memmove'
configure:6689: $? = 0
configure:6689: result: yes
configure:6689: checking for memset
configure:6689: gcc -o conftest -g -O2   conftest.c  >&5
conftest.c:94: warning: conflicting types for built-in function 'memset'
configure:6689: $? = 0
configure:6689: result: yes
configure:6689: checking for pathconf
configure:6689: gcc -o conftest -g -O2   conftest.c  >&5
configure:6689: $? = 0
configure:6689: result: yes
configure:6689: checking for pow
configure:6689: gcc -o conftest -g -O2   conftest.c  >&5
conftest.c:96: warning: conflicting types for built-in function 'pow'
/tmp/ccWi176T.o: In function `main':
/home/man210/projects/nettrader-0.5/conftest.c:107: undefined reference to `pow'
collect2: ld returned 1 exit status
configure:6689: $? = 1
configure: failed program was:
| /* confdefs.h */
| #define PACKAGE_NAME "NetTrader"
| #define PACKAGE_TARNAME "nettrader"
| #define PACKAGE_VERSION "0.5 "
| #define PACKAGE_STRING "NetTrader 0.5 "
| #define PACKAGE_BUGREPORT "a.faisal@gmx.net"
| #define PACKAGE_URL ""
| #define PACKAGE "nettrader"
| #define VERSION "0.5 "
| #define STDC_HEADERS 1
| #define HAVE_SYS_TYPES_H 1
| #define HAVE_SYS_STAT_H 1
| #define HAVE_STDLIB_H 1
| #define HAVE_STRING_H 1
| #define HAVE_MEMORY_H 1
| #define HAVE_STRINGS_H 1
| #define HAVE_INTTYPES_H 1
| #define HAVE_STDINT_H 1
| #define HAVE_UNISTD_H 1
| #define HAVE_ALLOCA_H 1
| #define HAVE_ALLOCA 1
| #define HAVE_DIRENT_H 1
| #define STDC_HEADERS 1
| #define HAVE_FCNTL_H 1
| #define HAVE_FENV_H 1
| #define HAVE_FLOAT_H 1
| #define HAVE_INTTYPES_H 1
| #define HAVE_LIMITS_H 1
| #define HAVE_MALLOC_H 1
| #define HAVE_MEMORY_H 1
| #define HAVE_NL_TYPES_H 1
| #define HAVE_STDDEF_H 1
| #define HAVE_STDINT_H 1
| #define HAVE_STDLIB_H 1
| #define HAVE_STRING_H 1
| #define HAVE_SYS_FILE_H 1
| #define HAVE_SYS_PARAM_H 1
| #define HAVE_SYS_TIME_H 1
| #define HAVE_UNISTD_H 1
| #define HAVE_VALUES_H 1
| #define HAVE_WCHAR_H 1
| #define HAVE_WCTYPE_H 1
| #define HAVE__BOOL 1
| #define HAVE_STDBOOL_H 1
| #define TIME_WITH_SYS_TIME 1
| #define HAVE_PTRDIFF_T 1
| #define HAVE_FORK 1
| #define HAVE_VFORK 1
| #define HAVE_WORKING_VFORK 1
| #define HAVE_WORKING_FORK 1
| #define HAVE_STDLIB_H 1
| #define HAVE_MALLOC 1
| #define HAVE_STDLIB_H 1
| #define HAVE_REALLOC 1
| #define HAVE_SYS_SELECT_H 1
| #define HAVE_SYS_SOCKET_H 1
| #define SELECT_TYPE_ARG1 int
| #define SELECT_TYPE_ARG234 (fd_set *)
| #define SELECT_TYPE_ARG5 (struct timeval *)
| #define RETSIGTYPE void
| #define LSTAT_FOLLOWS_SLASHED_SYMLINK 1
| #define HAVE_STRFTIME 1
| #define HAVE_VPRINTF 1
| #define HAVE_ALARM 1
| #define HAVE_FTIME 1
| #define HAVE_GETCWD 1
| #define HAVE_GETTIMEOFDAY 1
| #define HAVE_MEMCHR 1
| #define HAVE_MEMMOVE 1
| #define HAVE_MEMSET 1
| #define HAVE_PATHCONF 1
| /* end confdefs.h.  */
| /* Define pow to an innocuous variant, in case <limits.h> declares pow.
|    For example, HP-UX 11i <limits.h> declares gettimeofday.  */
| #define pow innocuous_pow
| 
| /* System header to define __stub macros and hopefully few prototypes,
|     which can conflict with char pow (); below.
|     Prefer <limits.h> to <assert.h> if __STDC__ is defined, since
|     <limits.h> exists even on freestanding compilers.  */
| 
| #ifdef __STDC__
| # include <limits.h>
| #else
| # include <assert.h>
| #endif
| 
| #undef pow
| 
| /* Override any GCC internal prototype to avoid an error.
|    Use char because int might match the return type of a GCC
|    builtin and then its argument prototype would still apply.  */
| #ifdef __cplusplus
| extern "C"
| #endif
| char pow ();
| /* The GNU C library defines this for functions which it implements
|     to always fail with ENOSYS.  Some functions are actually named
|     something starting with __ and the normal name is an alias.  */
| #if defined __stub_pow || defined __stub___pow
| choke me
| #endif
| 
| int
| main ()
| {
| return pow ();
|   ;
|   return 0;
| }
configure:6689: result: no
configure:6689: checking for regcomp
configure:6689: gcc -o conftest -g -O2   conftest.c  >&5
configure:6689: $? = 0
configure:6689: result: yes
configure:6689: checking for rint
configure:6689: gcc -o conftest -g -O2   conftest.c  >&5
conftest.c:97: warning: conflicting types for built-in function 'rint'
/tmp/ccFTuOm5.o: In function `main':
/home/man210/projects/nettrader-0.5/conftest.c:108: undefined reference to `rint'
collect2: ld returned 1 exit status
configure:6689: $? = 1
configure: failed program was:
| /* confdefs.h */
| #define PACKAGE_NAME "NetTrader"
| #define PACKAGE_TARNAME "nettrader"
| #define PACKAGE_VERSION "0.5 "
| #define PACKAGE_STRING "NetTrader 0.5 "
| #define PACKAGE_BUGREPORT "a.faisal@gmx.net"
| #define PACKAGE_URL ""
| #define PACKAGE "nettrader"
| #define VERSION "0.5 "
| #define STDC_HEADERS 1
| #define HAVE_SYS_TYPES_H 1
| #define HAVE_SYS_STAT_H 1
| #define HAVE_STDLIB_H 1
| #define HAVE_STRING_H 1
| #define HAVE_MEMORY_H 1
| #define HAVE_STRINGS_H 1
| #define HAVE_INTTYPES_H 1
| #define HAVE_STDINT_H 1
| #define HAVE_UNISTD_H 1
| #define HAVE_ALLOCA_H 1
| #define HAVE_ALLOCA 1
| #define HAVE_DIRENT_H 1
| #define STDC_HEADERS 1
| #define HAVE_FCNTL_H 1
| #define HAVE_FENV_H 1
| #define HAVE_FLOAT_H 1
| #define HAVE_INTTYPES_H 1
| #define HAVE_LIMITS_H 1
| #define HAVE_MALLOC_H 1
| #define HAVE_MEMORY_H 1
| #define HAVE_NL_TYPES_H 1
| #define HAVE_STDDEF_H 1
| #define HAVE_STDINT_H 1
| #define HAVE_STDLIB_H 1
| #define HAVE_STRING_H 1
| #define HAVE_SYS_FILE_H 1
| #define HAVE_SYS_PARAM_H 1
| #define HAVE_SYS_TIME_H 1
| #define HAVE_UNISTD_H 1
| #define HAVE_VALUES_H 1
| #define HAVE_WCHAR_H 1
| #define HAVE_WCTYPE_H 1
| #define HAVE__BOOL 1
| #define HAVE_STDBOOL_H 1
| #define TIME_WITH_SYS_TIME 1
| #define HAVE_PTRDIFF_T 1
| #define HAVE_FORK 1
| #define HAVE_VFORK 1
| #define HAVE_WORKING_VFORK 1
| #define HAVE_WORKING_FORK 1
| #define HAVE_STDLIB_H 1
| #define HAVE_MALLOC 1
| #define HAVE_STDLIB_H 1
| #define HAVE_REALLOC 1
| #define HAVE_SYS_SELECT_H 1
| #define HAVE_SYS_SOCKET_H 1
| #define SELECT_TYPE_ARG1 int
| #define SELECT_TYPE_ARG234 (fd_set *)
| #define SELECT_TYPE_ARG5 (struct timeval *)
| #define RETSIGTYPE void
| #define LSTAT_FOLLOWS_SLASHED_SYMLINK 1
| #define HAVE_STRFTIME 1
| #define HAVE_VPRINTF 1
| #define HAVE_ALARM 1
| #define HAVE_FTIME 1
| #define HAVE_GETCWD 1
| #define HAVE_GETTIMEOFDAY 1
| #define HAVE_MEMCHR 1
| #define HAVE_MEMMOVE 1
| #define HAVE_MEMSET 1
| #define HAVE_PATHCONF 1
| #define HAVE_REGCOMP 1
| /* end confdefs.h.  */
| /* Define rint to an innocuous variant, in case <limits.h> declares rint.
|    For example, HP-UX 11i <limits.h> declares gettimeofday.  */
| #define rint innocuous_rint
| 
| /* System header to define __stub macros and hopefully few prototypes,
|     which can conflict with char rint (); below.
|     Prefer <limits.h> to <assert.h> if __STDC__ is defined, since
|     <limits.h> exists even on freestanding compilers.  */
| 
| #ifdef __STDC__
| # include <limits.h>
| #else
| # include <assert.h>
| #endif
| 
| #undef rint
| 
| /* Override any GCC internal prototype to avoid an error.
|    Use char because int might match the return type of a GCC
|    builtin and then its argument prototype would still apply.  */
| #ifdef __cplusplus
| extern "C"
| #endif
| char rint ();
| /* The GNU C library defines this for functions which it implements
|     to always fail with ENOSYS.  Some functions are actually named
|     something starting with __ and the normal name is an alias.  */
| #if defined __stub_rint || defined __stub___rint
| choke me
| #endif
| 
| int
| main ()
| {
| return rint ();
|   ;
|   return 0;
| }
configure:6689: result: no
configure:6689: checking for select
configure:6689: gcc -o conftest -g -O2   conftest.c  >&5
configure:6689: $? = 0
configure:6689: result: yes
configure:6689: checking for setlocale
configure:6689: gcc -o conftest -g -O2   conftest.c  >&5
configure:6689: $? = 0
configure:6689: result: yes
configure:6689: checking for sqrt
configure:6689: gcc -o conftest -g -O2   conftest.c  >&5
conftest.c:99: warning: conflicting types for built-in function 'sqrt'
/tmp/cctNR6S9.o: In function `main':
/home/man210/projects/nettrader-0.5/conftest.c:110: undefined reference to `sqrt'
collect2: ld returned 1 exit status
configure:6689: $? = 1
configure: failed program was:
| /* confdefs.h */
| #define PACKAGE_NAME "NetTrader"
| #define PACKAGE_TARNAME "nettrader"
| #define PACKAGE_VERSION "0.5 "
| #define PACKAGE_STRING "NetTrader 0.5 "
| #define PACKAGE_BUGREPORT "a.faisal@gmx.net"
| #define PACKAGE_URL ""
| #define PACKAGE "nettrader"
| #define VERSION "0.5 "
| #define STDC_HEADERS 1
| #define HAVE_SYS_TYPES_H 1
| #define HAVE_SYS_STAT_H 1
| #define HAVE_STDLIB_H 1
| #define HAVE_STRING_H 1
| #define HAVE_MEMORY_H 1
| #define HAVE_STRINGS_H 1
| #define HAVE_INTTYPES_H 1
| #define HAVE_STDINT_H 1
| #define HAVE_UNISTD_H 1
| #define HAVE_ALLOCA_H 1
| #define HAVE_ALLOCA 1
| #define HAVE_DIRENT_H 1
| #define STDC_HEADERS 1
| #define HAVE_FCNTL_H 1
| #define HAVE_FENV_H 1
| #define HAVE_FLOAT_H 1
| #define HAVE_INTTYPES_H 1
| #define HAVE_LIMITS_H 1
| #define HAVE_MALLOC_H 1
| #define HAVE_MEMORY_H 1
| #define HAVE_NL_TYPES_H 1
| #define HAVE_STDDEF_H 1
| #define HAVE_STDINT_H 1
| #define HAVE_STDLIB_H 1
| #define HAVE_STRING_H 1
| #define HAVE_SYS_FILE_H 1
| #define HAVE_SYS_PARAM_H 1
| #define HAVE_SYS_TIME_H 1
| #define HAVE_UNISTD_H 1
| #define HAVE_VALUES_H 1
| #define HAVE_WCHAR_H 1
| #define HAVE_WCTYPE_H 1
| #define HAVE__BOOL 1
| #define HAVE_STDBOOL_H 1
| #define TIME_WITH_SYS_TIME 1
| #define HAVE_PTRDIFF_T 1
| #define HAVE_FORK 1
| #define HAVE_VFORK 1
| #define HAVE_WORKING_VFORK 1
| #define HAVE_WORKING_FORK 1
| #define HAVE_STDLIB_H 1
| #define HAVE_MALLOC 1
| #define HAVE_STDLIB_H 1
| #define HAVE_REALLOC 1
| #define HAVE_SYS_SELECT_H 1
| #define HAVE_SYS_SOCKET_H 1
| #define SELECT_TYPE_ARG1 int
| #define SELECT_TYPE_ARG234 (fd_set *)
| #define SELECT_TYPE_ARG5 (struct timeval *)
| #define RETSIGTYPE void
| #define LSTAT_FOLLOWS_SLASHED_SYMLINK 1
| #define HAVE_STRFTIME 1
| #define HAVE_VPRINTF 1
| #define HAVE_ALARM 1
| #define HAVE_FTIME 1
| #define HAVE_GETCWD 1
| #define HAVE_GETTIMEOFDAY 1
| #define HAVE_MEMCHR 1
| #define HAVE_MEMMOVE 1
| #define HAVE_MEMSET 1
| #define HAVE_PATHCONF 1
| #define HAVE_REGCOMP 1
| #define HAVE_SELECT 1
| #define HAVE_SETLOCALE 1
| /* end confdefs.h.  */
| /* Define sqrt to an innocuous variant, in case <limits.h> declares sqrt.
|    For example, HP-UX 11i <limits.h> declares gettimeofday.  */
| #define sqrt innocuous_sqrt
| 
| /* System header to define __stub macros and hopefully few prototypes,
|     which can conflict with char sqrt (); below.
|     Prefer <limits.h> to <assert.h> if __STDC__ is defined, since
|     <limits.h> exists even on freestanding compilers.  */
| 
| #ifdef __STDC__
| # include <limits.h>
| #else
| # include <assert.h>
| #endif
| 
| #undef sqrt
| 
| /* Override any GCC internal prototype to avoid an error.
|    Use char because int might match the return type of a GCC
|    builtin and then its argument prototype would still apply.  */
| #ifdef __cplusplus
| extern "C"
| #endif
| char sqrt ();
| /* The GNU C library defines this for functions which it implements
|     to always fail with ENOSYS.  Some functions are actually named
|     something starting with __ and the normal name is an alias.  */
| #if defined __stub_sqrt || defined __stub___sqrt
| choke me
| #endif
| 
| int
| main ()
| {
| return sqrt ();
|   ;
|   return 0;
| }
configure:6689: result: no
configure:6689: checking for strchr
configure:6689: gcc -o conftest -g -O2   conftest.c  >&5
conftest.c:99: warning: conflicting types for built-in function 'strchr'
configure:6689: $? = 0
configure:6689: result: yes
configure:6689: checking for strcspn
configure:6689: gcc -o conftest -g -O2   conftest.c  >&5
conftest.c:100: warning: conflicting types for built-in function 'strcspn'
configure:6689: $? = 0
configure:6689: result: yes
configure:6689: checking for strerror
configure:6689: gcc -o conftest -g -O2   conftest.c  >&5
configure:6689: $? = 0
configure:6689: result: yes
configure:6689: checking for strpbrk
configure:6689: gcc -o conftest -g -O2   conftest.c  >&5
conftest.c:102: warning: conflicting types for built-in function 'strpbrk'
configure:6689: $? = 0
configure:6689: result: yes
configure:6689: checking for strrchr
configure:6689: gcc -o conftest -g -O2   conftest.c  >&5
conftest.c:103: warning: conflicting types for built-in function 'strrchr'
configure:6689: $? = 0
configure:6689: result: yes
configure:6689: checking for strspn
configure:6689: gcc -o conftest -g -O2   conftest.c  >&5
conftest.c:104: warning: conflicting types for built-in function 'strspn'
configure:6689: $? = 0
configure:6689: result: yes
configure:6689: checking for strstr
configure:6689: gcc -o conftest -g -O2   conftest.c  >&5
conftest.c:105: warning: conflicting types for built-in function 'strstr'
configure:6689: $? = 0
configure:6689: result: yes
configure:6689: checking for strtol
configure:6689: gcc -o conftest -g -O2   conftest.c  >&5
configure:6689: $? = 0
configure:6689: result: yes
configure:6689: checking for strtoul
configure:6689: gcc -o conftest -g -O2   conftest.c  >&5
configure:6689: $? = 0
configure:6689: result: yes
configure:6689: checking for uname
configure:6689: gcc -o conftest -g -O2   conftest.c  >&5
configure:6689: $? = 0
configure:6689: result: yes
configure:6834: creating ./config.status

## ---------------------- ##
## Running config.status. ##
## ---------------------- ##

This file was extended by NetTrader config.status 0.5 , which was
generated by GNU Autoconf 2.67.  Invocation command line was

  CONFIG_FILES    = 
  CONFIG_HEADERS  = 
  CONFIG_LINKS    = 
  CONFIG_COMMANDS = 
  $ ./config.status 

on bg-neishabouri

config.status:946: creating Makefile
config.status:946: creating nettrader/Makefile
config.status:946: creating nettrader/auxsrc/Makefile
config.status:946: creating nettrader/examples/Makefile
config.status:946: creating nettrader/nt3dsrc/Makefile
config.status:946: creating nettrader/ntbpsrc/Makefile
config.status:946: creating nettrader/ntgsrc/Makefile
config.status:946: creating nettrader/ntsrc/Makefile
config.status:946: creating nettrader/tnt/Makefile
config.status:946: creating config.h
config.status:1126: config.h is unchanged
config.status:1174: executing depfiles commands

## ---------------- ##
## Cache variables. ##
## ---------------- ##

ac_cv_c_compiler_gnu=yes
ac_cv_c_const=yes
ac_cv_c_inline=inline
ac_cv_c_volatile=yes
ac_cv_cxx_compiler_gnu=yes
ac_cv_env_CCC_set=
ac_cv_env_CCC_value=
ac_cv_env_CC_set=
ac_cv_env_CC_value=
ac_cv_env_CFLAGS_set=
ac_cv_env_CFLAGS_value=
ac_cv_env_CPPFLAGS_set=
ac_cv_env_CPPFLAGS_value=
ac_cv_env_CPP_set=
ac_cv_env_CPP_value=
ac_cv_env_CXXFLAGS_set=
ac_cv_env_CXXFLAGS_value=
ac_cv_env_CXX_set=
ac_cv_env_CXX_value=
ac_cv_env_LDFLAGS_set=
ac_cv_env_LDFLAGS_value=
ac_cv_env_LIBS_set=
ac_cv_env_LIBS_value=
ac_cv_env_XMKMF_set=
ac_cv_env_XMKMF_value=
ac_cv_env_YACC_set=
ac_cv_env_YACC_value=
ac_cv_env_YFLAGS_set=
ac_cv_env_YFLAGS_value=
ac_cv_env_build_alias_set=
ac_cv_env_build_alias_value=
ac_cv_env_host_alias_set=
ac_cv_env_host_alias_value=
ac_cv_env_target_alias_set=
ac_cv_env_target_alias_value=
ac_cv_func__doprnt=no
ac_cv_func_alarm=yes
ac_cv_func_alloca_works=yes
ac_cv_func_clock_gettime=no
ac_cv_func_closedir_void=no
ac_cv_func_fesetround=no
ac_cv_func_floor=no
ac_cv_func_fork=yes
ac_cv_func_fork_works=yes
ac_cv_func_ftime=yes
ac_cv_func_getcwd=yes
ac_cv_func_gettimeofday=yes
ac_cv_func_lstat_dereferences_slashed_symlink=yes
ac_cv_func_malloc_0_nonnull=yes
ac_cv_func_memchr=yes
ac_cv_func_memcmp_working=yes
ac_cv_func_memmove=yes
ac_cv_func_memset=yes
ac_cv_func_pathconf=yes
ac_cv_func_pow=no
ac_cv_func_realloc_0_nonnull=yes
ac_cv_func_regcomp=yes
ac_cv_func_rint=no
ac_cv_func_select=yes
ac_cv_func_select_args='int,fd_set *,struct timeval *'
ac_cv_func_setlocale=yes
ac_cv_func_sqrt=no
ac_cv_func_stat_empty_string_bug=no
ac_cv_func_strchr=yes
ac_cv_func_strcspn=yes
ac_cv_func_strerror=yes
ac_cv_func_strftime=yes
ac_cv_func_strpbrk=yes
ac_cv_func_strrchr=yes
ac_cv_func_strspn=yes
ac_cv_func_strstr=yes
ac_cv_func_strtol=yes
ac_cv_func_strtoul=yes
ac_cv_func_uname=yes
ac_cv_func_vfork=yes
ac_cv_func_vfork_works=yes
ac_cv_func_vprintf=yes
ac_cv_have_x='have_x=yes	ac_x_includes='\'''\''	ac_x_libraries='\'''\'''
ac_cv_header_OS_h=no
ac_cv_header_dirent_dirent_h=yes
ac_cv_header_fcntl_h=yes
ac_cv_header_fenv_h=yes
ac_cv_header_float_h=yes
ac_cv_header_inttypes_h=yes
ac_cv_header_limits_h=yes
ac_cv_header_malloc_h=yes
ac_cv_header_memory_h=yes
ac_cv_header_nl_types_h=yes
ac_cv_header_stdbool_h=yes
ac_cv_header_stdc=yes
ac_cv_header_stddef_h=yes
ac_cv_header_stdint_h=yes
ac_cv_header_stdlib_h=yes
ac_cv_header_string_h=yes
ac_cv_header_strings_h=yes
ac_cv_header_sys_file_h=yes
ac_cv_header_sys_param_h=yes
ac_cv_header_sys_select_h=yes
ac_cv_header_sys_socket_h=yes
ac_cv_header_sys_stat_h=yes
ac_cv_header_sys_time_h=yes
ac_cv_header_sys_types_h=yes
ac_cv_header_time=yes
ac_cv_header_unistd_h=yes
ac_cv_header_values_h=yes
ac_cv_header_vfork_h=no
ac_cv_header_wchar_h=yes
ac_cv_header_wctype_h=yes
ac_cv_lib_error_at_line=yes
ac_cv_objext=o
ac_cv_path_EGREP='/bin/grep -E'
ac_cv_path_GREP=/bin/grep
ac_cv_path_install='/usr/bin/install -c'
ac_cv_path_mkdir=/bin/mkdir
ac_cv_prog_AWK=mawk
ac_cv_prog_CPP='gcc -E'
ac_cv_prog_ac_ct_CC=gcc
ac_cv_prog_ac_ct_CXX=g++
ac_cv_prog_ac_ct_RANLIB=ranlib
ac_cv_prog_cc_c89=
ac_cv_prog_cc_g=yes
ac_cv_prog_cxx_g=yes
ac_cv_prog_make_make_set=yes
ac_cv_search_opendir='none required'
ac_cv_struct_tm=time.h
ac_cv_type__Bool=yes
ac_cv_type_off_t=yes
ac_cv_type_pid_t=yes
ac_cv_type_ptrdiff_t=yes
ac_cv_type_signal=void
ac_cv_type_size_t=yes
ac_cv_working_alloca_h=yes
am_cv_CC_dependencies_compiler_type=gcc3
am_cv_CXX_dependencies_compiler_type=gcc3

## ----------------- ##
## Output variables. ##
## ----------------- ##

ACLOCAL='${SHELL} /home/man210/projects/nettrader-0.5/missing --run aclocal-1.11'
ALLOCA=''
AMDEPBACKSLASH='\'
AMDEP_FALSE='#'
AMDEP_TRUE=''
AMTAR='${SHELL} /home/man210/projects/nettrader-0.5/missing --run tar'
AUTOCONF='${SHELL} /home/man210/projects/nettrader-0.5/missing --run autoconf'
AUTOHEADER='${SHELL} /home/man210/projects/nettrader-0.5/missing --run autoheader'
AUTOMAKE='${SHELL} /home/man210/projects/nettrader-0.5/missing --run automake-1.11'
AWK='mawk'
CC='gcc'
CCDEPMODE='depmode=gcc3'
CFLAGS='-g -O2'
CPP='gcc -E'
CPPFLAGS=''
CXX='g++'
CXXDEPMODE='depmode=gcc3'
CXXFLAGS='-O3 -march=core2'
CYGPATH_W='echo'
DEFS='-DHAVE_CONFIG_H'
DEPDIR='.deps'
ECHO_C=''
ECHO_N='-n'
ECHO_T=''
EGREP='/bin/grep -E'
EXEEXT=''
GREP='/bin/grep'
INSTALL_DATA='${INSTALL} -m 644'
INSTALL_PROGRAM='${INSTALL}'
INSTALL_SCRIPT='${INSTALL}'
INSTALL_STRIP_PROGRAM='$(install_sh) -c -s'
LDFLAGS=''
LEX=':'
LEXLIB=''
LEX_OUTPUT_ROOT=''
LIBOBJS=''
LIBS=''
LN_S='ln -s'
LTLIBOBJS=''
MAKEINFO='${SHELL} /home/man210/projects/nettrader-0.5/missing --run makeinfo'
MKDIR_P='/bin/mkdir -p'
OBJEXT='o'
PACKAGE='nettrader'
PACKAGE_BUGREPORT='a.faisal@gmx.net'
PACKAGE_NAME='NetTrader'
PACKAGE_STRING='NetTrader 0.5 '
PACKAGE_TARNAME='nettrader'
PACKAGE_URL=''
PACKAGE_VERSION='0.5 '
PATH_SEPARATOR=':'
RANLIB='ranlib'
SET_MAKE=''
SHELL='/bin/bash'
STRIP=''
VERSION='0.5 '
XMKMF=''
YACC='yacc'
YFLAGS=''
ac_ct_CC='gcc'
ac_ct_CXX='g++'
all_includes=' -I../ntsrc -I../nt3dsrc -I../ntgsrc -I../ntbpsrc -I.. -I../tnt '
all_libraries=' '
am__EXEEXT_FALSE=''
am__EXEEXT_TRUE='#'
am__fastdepCC_FALSE='#'
am__fastdepCC_TRUE=''
am__fastdepCXX_FALSE='#'
am__fastdepCXX_TRUE=''
am__include='include'
am__isrc=''
am__leading_dot='.'
am__quote=''
am__tar='${AMTAR} chof - "$$tardir"'
am__untar='${AMTAR} xf -'
bindir='${exec_prefix}/bin'
build_alias=''
datadir='${datarootdir}'
datarootdir='${prefix}/share'
docdir='${datarootdir}/doc/${PACKAGE_TARNAME}'
dvidir='${docdir}'
exec_prefix='${prefix}'
host_alias=''
htmldir='${docdir}'
includedir='${prefix}/include'
infodir='${datarootdir}/info'
install_sh='${SHELL} /home/man210/projects/nettrader-0.5/install-sh'
libdir='${exec_prefix}/lib'
libexecdir='${exec_prefix}/libexec'
localedir='${datarootdir}/locale'
localstatedir='${prefix}/var'
mandir='${datarootdir}/man'
mkdir_p='/bin/mkdir -p'
oldincludedir='/usr/include'
pdfdir='${docdir}'
prefix='/usr/local'
program_transform_name='s,x,x,'
psdir='${docdir}'
sbindir='${exec_prefix}/sbin'
sharedstatedir='${prefix}/com'
sysconfdir='${prefix}/etc'
target_alias=''

## ----------- ##
## confdefs.h. ##
## ----------- ##

/* confdefs.h */
#define PACKAGE_NAME "NetTrader"
#define PACKAGE_TARNAME "nettrader"
#define PACKAGE_VERSION "0.5 "
#define PACKAGE_STRING "NetTrader 0.5 "
#define PACKAGE_BUGREPORT "a.faisal@gmx.net"
#define PACKAGE_URL ""
#define PACKAGE "nettrader"
#define VERSION "0.5 "
#define STDC_HEADERS 1
#define HAVE_SYS_TYPES_H 1
#define HAVE_SYS_STAT_H 1
#define HAVE_STDLIB_H 1
#define HAVE_STRING_H 1
#define HAVE_MEMORY_H 1
#define HAVE_STRINGS_H 1
#define HAVE_INTTYPES_H 1
#define HAVE_STDINT_H 1
#define HAVE_UNISTD_H 1
#define HAVE_ALLOCA_H 1
#define HAVE_ALLOCA 1
#define HAVE_DIRENT_H 1
#define STDC_HEADERS 1
#define HAVE_FCNTL_H 1
#define HAVE_FENV_H 1
#define HAVE_FLOAT_H 1
#define HAVE_INTTYPES_H 1
#define HAVE_LIMITS_H 1
#define HAVE_MALLOC_H 1
#define HAVE_MEMORY_H 1
#define HAVE_NL_TYPES_H 1
#define HAVE_STDDEF_H 1
#define HAVE_STDINT_H 1
#define HAVE_STDLIB_H 1
#define HAVE_STRING_H 1
#define HAVE_SYS_FILE_H 1
#define HAVE_SYS_PARAM_H 1
#define HAVE_SYS_TIME_H 1
#define HAVE_UNISTD_H 1
#define HAVE_VALUES_H 1
#define HAVE_WCHAR_H 1
#define HAVE_WCTYPE_H 1
#define HAVE__BOOL 1
#define HAVE_STDBOOL_H 1
#define TIME_WITH_SYS_TIME 1
#define HAVE_PTRDIFF_T 1
#define HAVE_FORK 1
#define HAVE_VFORK 1
#define HAVE_WORKING_VFORK 1
#define HAVE_WORKING_FORK 1
#define HAVE_STDLIB_H 1
#define HAVE_MALLOC 1
#define HAVE_STDLIB_H 1
#define HAVE_REALLOC 1
#define HAVE_SYS_SELECT_H 1
#define HAVE_SYS_SOCKET_H 1
#define SELECT_TYPE_ARG1 int
#define SELECT_TYPE_ARG234 (fd_set *)
#define SELECT_TYPE_ARG5 (struct timeval *)
#define RETSIGTYPE void
#define LSTAT_FOLLOWS_SLASHED_SYMLINK 1
#define HAVE_STRFTIME 1
#define HAVE_VPRINTF 1
#define HAVE_ALARM 1
#define HAVE_FTIME 1
#define HAVE_GETCWD 1
#define HAVE_GETTIMEOFDAY 1
#define HAVE_MEMCHR 1
#define HAVE_MEMMOVE 1
#define HAVE_MEMSET 1
#define HAVE_PATHCONF 1
#define HAVE_REGCOMP 1
#define HAVE_SELECT 1
#define HAVE_SETLOCALE 1
#define HAVE_STRCHR 1
#define HAVE_STRCSPN 1
#define HAVE_STRERROR 1
#define HAVE_STRPBRK 1
#define HAVE_STRRCHR 1
#define HAVE_STRSPN 1
#define HAVE_STRSTR 1
#define HAVE_STRTOL 1
#define HAVE_STRTOUL 1
#define HAVE_UNAME 1

configure: exit 0
